** Message: 10:58:51.652: Failed to fetch _NET_NUMBER_OF_DESKTOPS; assuming 1
** Message: 10:58:51.653: Failed to get _NET_WORKAREA; using full screen dimensions
** Message: 10:58:51.653: Failed to fetch _NET_CURRENT_DESKTOP; assuming 0
** Message: 10:58:51.653: Failed to fetch _NET_CURRENT_DESKTOP; assuming 0
/usr/bin/iceauth:  creating new authority file /run/user/1000/ICEauthority
xfce4-session-Message: 10:58:51.660: GNOME compatibility is enabled and gnome-keyring-daemon is found on the system. Skipping gpg/ssh-agent startup.
env: ‘kdeinit4’: No such file or directory
env: ‘qdbus’: No such file or directory
gnome-keyring-daemon: no process capabilities, insecure memory might get used
discover_other_daemon: 1** Message: 10:58:52.436: Failed to fetch _NET_CURRENT_DESKTOP; assuming 0

** (wrapper-2.0:722): WARNING **: 10:58:53.050: Binding 'XF86AudioPlay' failed!

** (wrapper-2.0:722): WARNING **: 10:58:53.050: Binding 'XF86AudioStop' failed!

** (wrapper-2.0:722): WARNING **: 10:58:53.050: Binding 'XF86AudioPrev' failed!

** (wrapper-2.0:722): WARNING **: 10:58:53.051: Binding 'XF86AudioNext' failed!

(wrapper-2.0:722): xfce4-pulseaudio-plugin-WARNING **: 10:58:53.051: Could not have grabbed multimedia control keys.

(xfce4-session:608): xfce4-session-WARNING **: 10:58:53.234: Unable to launch "telegram-desktop" (specified by autostart/telegram.desktop): Failed to execute child process “telegram-desktop” (No such file or directory)

(xfce4-session:608): xfce4-session-WARNING **: 10:58:53.243: Unable to launch "discord" (specified by autostart/discord.desktop): Failed to execute child process “discord” (No such file or directory)

(xfce4-session:608): xfce4-session-WARNING **: 10:58:53.246: Unable to launch "dropbox" (specified by autostart/dropbox.desktop): Failed to execute child process “dropbox” (No such file or directory)
[ 2025-06-23 10:58:53.317 session_init FATAL ERROR ] Another composite manager is already running
[ 2025-06-23 10:58:53.317 main FATAL ERROR ] Failed to create new session.

(pamac-tray:770): Gdk-CRITICAL **: 10:58:53.805: gdk_window_thaw_toplevel_updates: assertion 'window->update_and_descendants_freeze_count > 0' failed

(ulauncher:777): libayatana-appindicator-WARNING **: 10:58:54.490: libayatana-appindicator is deprecated. Please use libayatana-appindicator-glib in newly written code.

** (xfdesktop:721): WARNING **: 10:58:54.915: Failed to register the newly set background with AccountsService '/home/pd0rk1n/.config/variety/wallpaper/wallpaper-auto-rotated-aaa186dbeb3cc0134fa08ad499fe111f.jpg': GDBus.Error:org.freedesktop.DBus.Error.InvalidArgs: No such interface “org.freedesktop.DisplayManager.AccountsService”

(nemo:1012): Nemo-WARNING **: 10:58:55.687: Current gtk theme is not known to have nemo support (Dracula) - checking...

(nemo:1012): Nemo-WARNING **: 10:58:55.872: Action '90_new-launcher.nemo_action' is missing dependency: cinnamon-desktop-editor
Nemo-Share-Message: 10:58:56.261: Called "net usershare info" but it failed: 'net usershare' returned error 255: Can't load /etc/samba/smb.conf - run testparm to debug it
net usershare: usershares are currently disabled


(nemo:1012): Nemo-WARNING **: 10:59:08.658: Could not inhibit power management: GDBus.Error:org.freedesktop.DBus.Error.NameHasNoOwner: Destination does not exist
WARNING: 2025-06-23 10:59:13,990: create_menu() 'Variety Slideshow is not installed. This is an optional extension adding pan-and-zoom slideshows to Variety: see https://github.com/peterlevi/variety-slideshow for details'

(variety:779): libayatana-appindicator-WARNING **: 10:59:13.993: libayatana-appindicator is deprecated. Please use libayatana-appindicator-glib in newly written code.
WARNING: The convert command is deprecated in IMv7, use "magick" instead of "convert" or "magick convert"

