INFO: 2025-06-21 16:22:31,433: main() 'Using profile folder /home/pd0rk1n/.config/variety/'
INFO: 2025-06-21 16:22:31,438: perform_upgrade() 'Last run version was 0.8.13 or earlier, current version is 0.8.13'
INFO: 2025-06-21 16:22:31,448: process_command() 'Received command: []'
INFO: 2025-06-21 16:22:31,452: start() 'Using data_path /usr/share/variety'
INFO: 2025-06-21 16:22:31,452: load() 'Jumble loading'
INFO: 2025-06-21 16:22:31,453: _walk_modules() 'Jumble loading module in __init__ from /usr/lib/python3.13/site-packages/variety/plugins/builtin/__init__.py'
INFO: 2025-06-21 16:22:31,454: _walk_modules() 'Jumble loading module in GnomeDisplayModesPlugin from /usr/lib/python3.13/site-packages/variety/plugins/builtin/display_modes/GnomeDisplayModesPlugin.py'
INFO: 2025-06-21 16:22:31,455: load() 'Jumble found plugin class: <class 'GnomeDisplayModesPlugin.GnomeDisplayModesPlugin'>: {'name': 'GnomeDisplayModesPlugin', 'description': 'Display modes relying on the underlying desktop environment', 'version': '1.0', 'author': 'Peter Levi'}'
INFO: 2025-06-21 16:22:31,455: _walk_modules() 'Jumble loading module in ResizingDisplayModesPlugin from /usr/lib/python3.13/site-packages/variety/plugins/builtin/display_modes/ResizingDisplayModesPlugin.py'
INFO: 2025-06-21 16:22:31,456: load() 'Jumble found plugin class: <class 'ResizingDisplayModesPlugin.ResizingDisplayModesPlugin'>: {'name': 'ResizingDisplayModesPlugin', 'description': 'Display modes that use image resizing within Variety', 'version': '1.0', 'author': 'Peter Levi'}'
INFO: 2025-06-21 16:22:31,457: _walk_modules() 'Jumble loading module in __init__ from /usr/lib/python3.13/site-packages/variety/plugins/builtin/display_modes/__init__.py'
INFO: 2025-06-21 16:22:31,457: _walk_modules() 'Jumble loading module in LegacyDisplayModesPlugin from /usr/lib/python3.13/site-packages/variety/plugins/builtin/display_modes/LegacyDisplayModesPlugin.py'
INFO: 2025-06-21 16:22:31,458: load() 'Jumble found plugin class: <class 'LegacyDisplayModesPlugin.LegacyDisplayModesPlugin'>: {'name': 'LegacyDisplayModesPlugin', 'description': 'Legacy display mode for compatibility with past Variety versions', 'version': '1.0', 'author': 'Peter Levi'}'
INFO: 2025-06-21 16:22:31,459: _walk_modules() 'Jumble loading module in LocalFilesSource from /usr/lib/python3.13/site-packages/variety/plugins/builtin/quotes/LocalFilesSource.py'
INFO: 2025-06-21 16:22:31,459: load() 'Jumble found plugin class: <class 'LocalFilesSource.LocalFilesSource'>: {'name': 'Local text files', 'description': 'Displays quotes, defined in local text files.\nPut your own txt files in: ~/.config/variety/pluginconfig/quotes/.\nThe file format is:\n\nquote -- author\n.\nsecond quote -- another author\n.\netc...\n\nExample: http://rvelthuis.de/zips/quotes.txt', 'author': 'Peter Levi', 'version': '0.1'}'
INFO: 2025-06-21 16:22:31,460: _walk_modules() 'Jumble loading module in GoodreadsSource from /usr/lib/python3.13/site-packages/variety/plugins/builtin/quotes/GoodreadsSource.py'
INFO: 2025-06-21 16:22:31,510: load() 'Jumble found plugin class: <class 'GoodreadsSource.GoodreadsSource'>: {'name': 'Goodreads', 'description': 'Fetches quotes from Goodreads.com', 'author': 'Peter Levi', 'version': '0.1'}'
INFO: 2025-06-21 16:22:31,510: _walk_modules() 'Jumble loading module in FortuneSource from /usr/lib/python3.13/site-packages/variety/plugins/builtin/quotes/FortuneSource.py'
INFO: 2025-06-21 16:22:31,511: load() 'Jumble found plugin class: <class 'FortuneSource.FortuneSource'>: {'name': 'UNIX fortune program', 'description': 'Displays quotes using the UNIX fortune program. You may want to install additional fortune packs, e.g. fortunes-bofh-excuses.', 'author': 'Dan Jones', 'version': '0.1'}'
INFO: 2025-06-21 16:22:31,511: _walk_modules() 'Jumble loading module in UrbanDictionarySource from /usr/lib/python3.13/site-packages/variety/plugins/builtin/quotes/UrbanDictionarySource.py'
INFO: 2025-06-21 16:22:31,512: load() 'Jumble found plugin class: <class 'UrbanDictionarySource.UrbanDictionarySource'>: {'name': 'Urban Dictionary', 'description': 'Displays definitions from Urban Dictionary', 'author': 'James Miller', 'version': '0.1'}'
INFO: 2025-06-21 16:22:31,512: _walk_modules() 'Jumble loading module in __init__ from /usr/lib/python3.13/site-packages/variety/plugins/builtin/quotes/__init__.py'
INFO: 2025-06-21 16:22:31,512: _walk_modules() 'Jumble loading module in QuotationsPageSource from /usr/lib/python3.13/site-packages/variety/plugins/builtin/quotes/QuotationsPageSource.py'
INFO: 2025-06-21 16:22:31,513: load() 'Jumble found plugin class: <class 'QuotationsPageSource.QuotationsPageSource'>: {'name': 'TheQuotationsPage.com', 'description': 'Fetches quotes from TheQuotationsPage.com', 'author': 'Peter Levi', 'version': '0.1'}'
INFO: 2025-06-21 16:22:31,513: _walk_modules() 'Jumble loading module in MediaRSSSource from /usr/lib/python3.13/site-packages/variety/plugins/builtin/downloaders/MediaRSSSource.py'
INFO: 2025-06-21 16:22:31,516: load() 'Jumble found plugin class: <class 'MediaRSSSource.MediaRSSSource'>: {'name': 'MediaRSSSource', 'description': 'Configurable source for fetching images from MediaRSS feeds', 'author': 'Peter Levi', 'version': '0.1'}'
INFO: 2025-06-21 16:22:31,516: _walk_modules() 'Jumble loading module in RedditSource from /usr/lib/python3.13/site-packages/variety/plugins/builtin/downloaders/RedditSource.py'
INFO: 2025-06-21 16:22:31,517: load() 'Jumble found plugin class: <class 'RedditSource.RedditSource'>: {'name': 'RedditSource', 'description': 'Configurable source for fetching images from Reddit', 'author': 'Peter Levi', 'version': '0.1'}'
INFO: 2025-06-21 16:22:31,517: _walk_modules() 'Jumble loading module in MediaRSSDownloader from /usr/lib/python3.13/site-packages/variety/plugins/builtin/downloaders/MediaRSSDownloader.py'
INFO: 2025-06-21 16:22:31,518: _walk_modules() 'Jumble loading module in BingDownloader from /usr/lib/python3.13/site-packages/variety/plugins/builtin/downloaders/BingDownloader.py'
INFO: 2025-06-21 16:22:31,519: load() 'Jumble found plugin class: <class 'BingDownloader.BingDownloader'>: {'name': 'BingDownloader', 'description': 'Bing Photo of the Day', 'author': 'Peter Levi', 'version': '0.1'}'
INFO: 2025-06-21 16:22:31,519: _walk_modules() 'Jumble loading module in UnsplashDownloader from /usr/lib/python3.13/site-packages/variety/plugins/builtin/downloaders/UnsplashDownloader.py'
INFO: 2025-06-21 16:22:31,520: load() 'Jumble found plugin class: <class 'UnsplashDownloader.UnsplashDownloader'>: {'name': 'UnsplashDownloader', 'description': 'High-resolution photos from Unsplash.com', 'author': 'Peter Levi', 'version': '0.1'}'
INFO: 2025-06-21 16:22:31,520: _walk_modules() 'Jumble loading module in EarthviewDownloader from /usr/lib/python3.13/site-packages/variety/plugins/builtin/downloaders/EarthviewDownloader.py'
INFO: 2025-06-21 16:22:31,521: load() 'Jumble found plugin class: <class 'EarthviewDownloader.EarthviewDownloader'>: {'name': 'EarthviewDownloader', 'description': 'Google Earth View Wallpapers', 'author': 'Peter Levi', 'version': '0.1'}'
INFO: 2025-06-21 16:22:31,521: _walk_modules() 'Jumble loading module in ArtStationDownloader from /usr/lib/python3.13/site-packages/variety/plugins/builtin/downloaders/ArtStationDownloader.py'
INFO: 2025-06-21 16:22:31,521: _walk_modules() 'Jumble loading module in ArtStationSource from /usr/lib/python3.13/site-packages/variety/plugins/builtin/downloaders/ArtStationSource.py'
INFO: 2025-06-21 16:22:31,522: load() 'Jumble found plugin class: <class 'ArtStationSource.ArtStationSource'>: {'name': 'ArtStationSource', 'description': 'Configurable source for fetching images from ArtStation', 'author': 'Denis Gordeev', 'version': '0.1'}'
INFO: 2025-06-21 16:22:31,523: _walk_modules() 'Jumble loading module in APODDownloader from /usr/lib/python3.13/site-packages/variety/plugins/builtin/downloaders/APODDownloader.py'
INFO: 2025-06-21 16:22:31,524: load() 'Jumble found plugin class: <class 'APODDownloader.APODDownloader'>: {'name': 'APODDownloader', 'description': 'NASA Astro Pic of the Day', 'author': 'Peter Levi', 'version': '0.1'}'
INFO: 2025-06-21 16:22:31,524: _walk_modules() 'Jumble loading module in WallhavenDownloader from /usr/lib/python3.13/site-packages/variety/plugins/builtin/downloaders/WallhavenDownloader.py'
INFO: 2025-06-21 16:22:31,525: _walk_modules() 'Jumble loading module in __init__ from /usr/lib/python3.13/site-packages/variety/plugins/builtin/downloaders/__init__.py'
INFO: 2025-06-21 16:22:31,526: _walk_modules() 'Jumble loading module in WallhavenLegacyDownloader from /usr/lib/python3.13/site-packages/variety/plugins/builtin/downloaders/WallhavenLegacyDownloader.py'
INFO: 2025-06-21 16:22:31,526: _walk_modules() 'Jumble loading module in WallhavenSource from /usr/lib/python3.13/site-packages/variety/plugins/builtin/downloaders/WallhavenSource.py'
INFO: 2025-06-21 16:22:31,527: load() 'Jumble found plugin class: <class 'WallhavenSource.WallhavenSource'>: {'name': 'WallhavenSource', 'description': 'Configurable source for fetching images from Wallhaven.cc', 'author': 'Peter Levi', 'version': '0.1'}'
INFO: 2025-06-21 16:22:31,527: _walk_modules() 'Jumble loading module in RedditDownloader from /usr/lib/python3.13/site-packages/variety/plugins/builtin/downloaders/RedditDownloader.py'
INFO: 2025-06-21 16:22:31,527: _walk_modules() 'Jumble loading module in UnsplashConfigurableSource from /usr/lib/python3.13/site-packages/variety/plugins/builtin/downloaders/UnsplashConfigurableSource.py'
INFO: 2025-06-21 16:22:31,529: load() 'Jumble found plugin class: <class 'UnsplashConfigurableSource.UnsplashConfigurableSource'>: {'name': 'UnsplashConfigurableSource', 'description': 'Configurable source for fetching photos from Unsplash.com', 'author': 'Peter Levi', 'version': '0.1'}'
INFO: 2025-06-21 16:22:31,529: _walk_modules() 'Jumble loading module in NationalGeographicDownloader from /usr/lib/python3.13/site-packages/variety/plugins/builtin/downloaders/NationalGeographicDownloader.py'
INFO: 2025-06-21 16:22:31,530: load() 'Jumble found plugin class: <class 'NationalGeographicDownloader.NationalGeographicDownloader'>: {'name': 'NationalGeographicDownloader', 'description': "National Geographic's photo of the day", 'author': 'Eric Rösch', 'version': '0.1'}'
INFO: 2025-06-21 16:22:31,559: reload_config() 'Creating new downloader for type wallhaven, location space'
INFO: 2025-06-21 16:22:31,559: reload_config() 'Creating new downloader for type wallhaven, location minimal'
INFO: 2025-06-21 16:22:31,559: reload_config() 'Creating new downloader for type wallhaven, location scifi'
INFO: 2025-06-21 16:22:31,559: reload_config() 'Creating new downloader for type wallhaven, location simple'
INFO: 2025-06-21 16:22:31,559: reload_config() 'Creating new downloader for type wallhaven, location abstract'
INFO: 2025-06-21 16:22:31,562: log_options() 'Loaded options:'
INFO: 2025-06-21 16:22:31,562: log_options() 'change_enabled = True'
INFO: 2025-06-21 16:22:31,562: log_options() 'change_interval = 600'
INFO: 2025-06-21 16:22:31,562: log_options() 'change_on_start = True'
INFO: 2025-06-21 16:22:31,562: log_options() 'clipboard_enabled = False'
INFO: 2025-06-21 16:22:31,562: log_options() 'clipboard_hosts = ['wallhaven.cc', 'wallpapers.net', 'flickr.com', 'imgur.com', 'deviantart.com', 'interfacelift.com', 'vladstudio.com', 'imageshack.us', 'deviantart.net', 'imageshack.com']'
INFO: 2025-06-21 16:22:31,562: log_options() 'clipboard_use_whitelist = True'
INFO: 2025-06-21 16:22:31,562: log_options() 'clock_date_font = Serif 30'
INFO: 2025-06-21 16:22:31,562: log_options() 'clock_enabled = False'
INFO: 2025-06-21 16:22:31,562: log_options() 'clock_filter = -density 100 -font `fc-match -f '%{file[0]}' '%CLOCK_FONT_NAME'` -pointsize %CLOCK_FONT_SIZE -gravity SouthEast -fill '#00000044' -annotate 0x0+[%HOFFSET+58]+[%VOFFSET+108] '%H:%M' -fill white -annotate 0x0+[%HOFFSET+60]+[%VOFFSET+110] '%H:%M' -font `fc-match -f '%{file[0]}' '%DATE_FONT_NAME'` -pointsize %DATE_FONT_SIZE -fill '#00000044' -annotate 0x0+[%HOFFSET+58]+[%VOFFSET+58] '%A, %B %d' -fill white -annotate 0x0+[%HOFFSET+60]+[%VOFFSET+60] '%A, %B %d''
INFO: 2025-06-21 16:22:31,562: log_options() 'clock_font = Serif 70'
INFO: 2025-06-21 16:22:31,562: log_options() 'configfile = /home/pd0rk1n/.config/variety/variety.conf'
INFO: 2025-06-21 16:22:31,562: log_options() 'copyto_enabled = False'
INFO: 2025-06-21 16:22:31,562: log_options() 'copyto_folder = Default'
INFO: 2025-06-21 16:22:31,563: log_options() 'desired_color = [160, 160, 160]'
INFO: 2025-06-21 16:22:31,563: log_options() 'desired_color_enabled = False'
INFO: 2025-06-21 16:22:31,563: log_options() 'download_folder = /home/pd0rk1n/.config/variety/Downloaded'
INFO: 2025-06-21 16:22:31,563: log_options() 'download_preference_ratio = 0.9'
INFO: 2025-06-21 16:22:31,563: log_options() 'favorites_folder = /home/pd0rk1n/.config/variety/Favorites'
INFO: 2025-06-21 16:22:31,563: log_options() 'favorites_operations = [['Downloaded', 'Copy'], ['Fetched', 'Move'], ['Others', 'Copy']]'
INFO: 2025-06-21 16:22:31,563: log_options() 'fetched_folder = /home/pd0rk1n/.config/variety/Fetched'
INFO: 2025-06-21 16:22:31,563: log_options() 'filters = [[False, 'Keep original', ''], [False, 'Grayscale', '-type Grayscale'], [False, 'Heavy blur', '-scale 20% -blur 0x10 -resize 500%'], [False, 'Soft blur', '-scale 20% -blur 0x2 -resize 500%'], [False, 'Oil painting', '-paint 8'], [False, 'Pointilism', '-spread 10 -noise 3'], [False, 'Pixellate', '-scale 3% -scale 3333%']]'
INFO: 2025-06-21 16:22:31,563: log_options() 'get_wallpaper_script = /home/pd0rk1n/.config/variety/scripts/get_wallpaper_arco'
INFO: 2025-06-21 16:22:31,563: log_options() 'icon = Light'
INFO: 2025-06-21 16:22:31,563: log_options() 'internet_enabled = True'
INFO: 2025-06-21 16:22:31,563: log_options() 'lightness_enabled = False'
INFO: 2025-06-21 16:22:31,563: log_options() 'lightness_mode = 0'
INFO: 2025-06-21 16:22:31,563: log_options() 'min_rating = 4'
INFO: 2025-06-21 16:22:31,563: log_options() 'min_rating_enabled = False'
INFO: 2025-06-21 16:22:31,563: log_options() 'min_size = 80'
INFO: 2025-06-21 16:22:31,563: log_options() 'min_size_enabled = True'
INFO: 2025-06-21 16:22:31,563: log_options() 'name_regex = .*'
INFO: 2025-06-21 16:22:31,563: log_options() 'name_regex_enabled = False'
INFO: 2025-06-21 16:22:31,563: log_options() 'quota_enabled = True'
INFO: 2025-06-21 16:22:31,563: log_options() 'quota_size = 1000'
INFO: 2025-06-21 16:22:31,563: log_options() 'quotes_authors = '
INFO: 2025-06-21 16:22:31,563: log_options() 'quotes_bg_color = [80, 80, 80]'
INFO: 2025-06-21 16:22:31,563: log_options() 'quotes_bg_opacity = 55'
INFO: 2025-06-21 16:22:31,563: log_options() 'quotes_change_enabled = False'
INFO: 2025-06-21 16:22:31,563: log_options() 'quotes_change_interval = 300'
INFO: 2025-06-21 16:22:31,563: log_options() 'quotes_disabled_sources = ['Urban Dictionary']'
INFO: 2025-06-21 16:22:31,563: log_options() 'quotes_enabled = False'
INFO: 2025-06-21 16:22:31,563: log_options() 'quotes_favorites_file = /home/pd0rk1n/.config/variety/favorite_quotes.txt'
INFO: 2025-06-21 16:22:31,563: log_options() 'quotes_font = Serif 30'
INFO: 2025-06-21 16:22:31,563: log_options() 'quotes_hpos = 100'
INFO: 2025-06-21 16:22:31,563: log_options() 'quotes_max_length = 250'
INFO: 2025-06-21 16:22:31,563: log_options() 'quotes_tags = '
INFO: 2025-06-21 16:22:31,563: log_options() 'quotes_text_color = [255, 255, 255]'
INFO: 2025-06-21 16:22:31,563: log_options() 'quotes_text_shadow = False'
INFO: 2025-06-21 16:22:31,563: log_options() 'quotes_vpos = 40'
INFO: 2025-06-21 16:22:31,563: log_options() 'quotes_width = 70'
INFO: 2025-06-21 16:22:31,563: log_options() 'safe_mode = False'
INFO: 2025-06-21 16:22:31,563: log_options() 'set_wallpaper_script = /home/pd0rk1n/.config/variety/scripts/set_wallpaper_arco'
INFO: 2025-06-21 16:22:31,563: log_options() 'slideshow_custom_enabled = False'
INFO: 2025-06-21 16:22:31,564: log_options() 'slideshow_custom_folder = /home/pd0rk1n/Pictures'
INFO: 2025-06-21 16:22:31,564: log_options() 'slideshow_downloads_enabled = False'
INFO: 2025-06-21 16:22:31,564: log_options() 'slideshow_fade = 0.4'
INFO: 2025-06-21 16:22:31,564: log_options() 'slideshow_favorites_enabled = True'
INFO: 2025-06-21 16:22:31,564: log_options() 'slideshow_mode = Fullscreen'
INFO: 2025-06-21 16:22:31,564: log_options() 'slideshow_monitor = All'
INFO: 2025-06-21 16:22:31,564: log_options() 'slideshow_pan = 0.05'
INFO: 2025-06-21 16:22:31,564: log_options() 'slideshow_seconds = 6.0'
INFO: 2025-06-21 16:22:31,564: log_options() 'slideshow_sort_order = Random'
INFO: 2025-06-21 16:22:31,564: log_options() 'slideshow_sources_enabled = True'
INFO: 2025-06-21 16:22:31,564: log_options() 'slideshow_zoom = 0.2'
INFO: 2025-06-21 16:22:31,564: log_options() 'smart_enabled = False'
INFO: 2025-06-21 16:22:31,564: log_options() 'smart_notice_shown = False'
INFO: 2025-06-21 16:22:31,564: log_options() 'smart_register_shown = False'
INFO: 2025-06-21 16:22:31,564: log_options() 'sources = [[True, 'favorites', 'The Favorites folder'], [False, 'fetched', 'The Fetched folder'], [False, 'folder', '/usr/share/backgrounds'], [False, 'flickr', 'user:www.flickr.com/photos/peter-levi/;user_id:93647178@N00;'], [False, 'apod', "NASA's Astronomy Picture of the Day"], [False, 'bing', 'Bing Photo of the Day'], [False, 'earthview', 'Google Earth View Wallpapers'], [False, 'natgeo', "National Geographic's photo of the day"], [False, 'unsplash', 'High-resolution photos from Unsplash.com'], [True, 'wallhaven', 'space'], [True, 'wallhaven', 'minimal'], [True, 'wallhaven', 'scifi'], [True, 'wallhaven', 'simple'], [True, 'wallhaven', 'abstract'], [True, 'folder', '/home/erik/Templates/wallpapers/wallhaven']]'
INFO: 2025-06-21 16:22:31,564: log_options() 'stats_enabled = True'
INFO: 2025-06-21 16:22:31,564: log_options() 'stats_notice_shown = False'
INFO: 2025-06-21 16:22:31,564: log_options() 'sync_enabled = True'
INFO: 2025-06-21 16:22:31,564: log_options() 'use_landscape_enabled = True'
INFO: 2025-06-21 16:22:31,564: log_options() 'wallhaven_api_key = '
INFO: 2025-06-21 16:22:31,564: log_options() 'wallpaper_auto_rotate = True'
INFO: 2025-06-21 16:22:31,564: log_options() 'wallpaper_display_mode = os'
INFO: 2025-06-21 16:22:31,564: reload_config() 'No need to clear prepared queue'
INFO: 2025-06-21 16:22:31,564: update_indicator() 'Setting file info to: /home/pd0rk1n/.config/variety/Downloaded/wallhaven_simple/wallhaven-6k2qd7.jpg'
INFO: 2025-06-21 16:22:31,572: load_banned() 'Missing or invalid banned URLs list, no URLs will be banned'
INFO: 2025-06-21 16:22:31,572: load_last_change_time() 'Change interval < 6 hours, ignore persisted last_change_time, wait initially the whole interval: 600'
INFO: 2025-06-21 16:22:31,572: update_indicator() 'Setting file info to: /home/pd0rk1n/.config/variety/Downloaded/wallhaven_simple/wallhaven-6k2qd7.jpg'
INFO: 2025-06-21 16:22:31,573: regular_change_thread() 'regular_change thread running'
INFO: 2025-06-21 16:22:31,573: prepare_thread() 'Prepare thread running'
INFO: 2025-06-21 16:22:31,573: prepare_thread() 'Prepared buffer contains 0 images'
INFO: 2025-06-21 16:22:31,573: prepare_thread() 'Preparing some images'
INFO: 2025-06-21 16:22:31,577: update_indicator_icon() 'Creating indicator'
WARNING: 2025-06-21 16:22:31,584: create_menu() 'Variety Slideshow is not installed. This is an optional extension adding pan-and-zoom slideshows to Variety: see https://github.com/peterlevi/variety-slideshow for details'
INFO: 2025-06-21 16:22:31,585: create_indicator() 'indicator backend: AyatanaAppIndicator3'
INFO: 2025-06-21 16:22:31,613: set_from_theme_icon() 'Showing indicator icon variety-indicator from GTK theme'
INFO: 2025-06-21 16:22:31,672: do_set_wp() 'Calling do_set_wp with /home/pd0rk1n/.config/variety/Downloaded/wallhaven_simple/wallhaven-6k2qd7.jpg, time: 1750537351.6722705'
INFO: 2025-06-21 16:22:31,673: prepare_thread() 'After search prepared buffer contains 93 images'
INFO: 2025-06-21 16:22:31,674: apply_auto_rotate() 'ImageMagick auto-rotate cmd: convert /home/pd0rk1n/.config/variety/Downloaded/wallhaven_simple/wallhaven-6k2qd7.jpg -auto-orient /home/pd0rk1n/.config/variety/wallpaper/wallpaper-auto-rotated-53c1cf8615af66da66d806eec3500349.jpg'
INFO: 2025-06-21 16:22:32,334: update_indicator() 'Setting file info to: /home/pd0rk1n/.config/variety/Downloaded/wallhaven_simple/wallhaven-6k2qd7.jpg'
INFO: 2025-06-21 16:22:32,335: list_files() 'More than 1 files in the folders, stop listing'
INFO: 2025-06-21 16:22:33,345: reload() 'Reloading preferences dialog'
INFO: 2025-06-21 16:22:33,674: trigger_download() 'Triggering download thread to check if download needed and possible'
INFO: 2025-06-21 16:22:36,573: set_wallpaper() 'Calling set_wallpaper with /home/pd0rk1n/.config/variety/Downloaded/wallhaven_abstract/wallhaven-j32gqy.jpg'
INFO: 2025-06-21 16:22:36,574: prepare_thread() 'Prepared buffer contains 93 images'
INFO: 2025-06-21 16:22:36,575: do_set_wp() 'Calling do_set_wp with /home/pd0rk1n/.config/variety/Downloaded/wallhaven_abstract/wallhaven-j32gqy.jpg, time: 1750537356.5754666'
INFO: 2025-06-21 16:22:36,575: apply_auto_rotate() 'ImageMagick auto-rotate cmd: convert /home/pd0rk1n/.config/variety/Downloaded/wallhaven_abstract/wallhaven-j32gqy.jpg -auto-orient /home/pd0rk1n/.config/variety/wallpaper/wallpaper-auto-rotated-aaa186dbeb3cc0134fa08ad499fe111f.jpg'
INFO: 2025-06-21 16:22:37,214: update_indicator() 'Setting file info to: /home/pd0rk1n/.config/variety/Downloaded/wallhaven_abstract/wallhaven-j32gqy.jpg'
INFO: 2025-06-21 16:22:37,215: list_files() 'More than 1 files in the folders, stop listing'
INFO: 2025-06-21 16:22:38,574: trigger_download() 'Triggering download thread to check if download needed and possible'
INFO: 2025-06-21 16:22:38,575: get_throttling() 'Wallhaven.cc: parsing serverside options'
INFO: 2025-06-21 16:22:38,575: get_throttling() 'Could not parse Wallhaven.cc serverside options, using defaults 360, 40'
INFO: 2025-06-21 16:22:38,575: get_throttling() 'Wallhaven.cc: parsing serverside options'
INFO: 2025-06-21 16:22:38,575: get_throttling() 'Could not parse Wallhaven.cc serverside options, using defaults 360, 40'
INFO: 2025-06-21 16:22:38,575: download_one() 'Wallhaven.cc: Downloading an image, config: abstract'
INFO: 2025-06-21 16:22:38,575: download_one() 'Wallhaven.cc: Queue size: 0'
INFO: 2025-06-21 16:22:38,575: get_throttling() 'Wallhaven.cc: parsing serverside options'
INFO: 2025-06-21 16:22:38,575: get_throttling() 'Could not parse Wallhaven.cc serverside options, using defaults 360, 40'
INFO: 2025-06-21 16:22:38,575: download_one() 'Wallhaven.cc: Filling queue'
INFO: 2025-06-21 16:22:38,575: search() 'Performing wallhaven search: url=https://wallhaven.cc/api/v1/search?q=abstract&categories=111&purity=100&sorting=favorites&order=desc'
INFO: 2025-06-21 16:22:38,575: trigger_download() 'Triggering download thread to check if download needed and possible'
INFO: 2025-06-21 16:22:38,818: fill_queue() '14054 wallpapers in result, using page 34'
INFO: 2025-06-21 16:22:38,819: search() 'Performing wallhaven search: url=https://wallhaven.cc/api/v1/search?q=abstract&categories=111&purity=100&sorting=favorites&order=desc&page=34'
INFO: 2025-06-21 16:22:38,989: download_one() 'Wallhaven.cc: Queue populated with 12 URLs'
INFO: 2025-06-21 16:22:38,989: download_queue_item() 'Wallpaper URL: https://wallhaven.cc/w/dpmxyj'
INFO: 2025-06-21 16:22:38,989: download_queue_item() 'Image src URL: https://w.wallhaven.cc/full/dp/wallhaven-dpmxyj.png'
INFO: 2025-06-21 16:22:39,127: save_locally() 'Origin URL: https://wallhaven.cc/w/dpmxyj'
INFO: 2025-06-21 16:22:39,127: save_locally() 'Image URL: https://w.wallhaven.cc/full/dp/wallhaven-dpmxyj.png'
INFO: 2025-06-21 16:22:39,127: save_locally() 'Local path: /home/pd0rk1n/.config/variety/Downloaded/wallhaven_abstract/wallhaven-dpmxyj.png'
INFO: 2025-06-21 16:22:39,670: save_locally() 'Download complete'
INFO: 2025-06-21 16:22:39,670: update_indicator() 'Setting file info to: /home/pd0rk1n/.config/variety/Downloaded/wallhaven_simple/wallhaven-6k2qd7.jpg'
INFO: 2025-06-21 16:22:39,671: list_files() 'More than 1 files in the folders, stop listing'
INFO: 2025-06-21 16:22:39,672: download_one_from() 'Adding downloaded file /home/pd0rk1n/.config/variety/Downloaded/wallhaven_abstract/wallhaven-dpmxyj.png to unseen_downloads'
INFO: 2025-06-21 16:22:51,574: server_options_thread() 'Fetching server options from https://gist.githubusercontent.com/peterlevi/a7d1dbf3a4e76e15760a/raw/fab10d0ce5cfe66377e7c650be56edb497aabbd4/variety_server_options.json'
INFO: 2025-06-21 16:22:51,656: server_options_thread() 'Fetched server options: {'flickr': {'min_fill_queue_interval': 1200, 'min_download_interval': 1200}, 'wallbase': {'min_fill_queue_interval': 1800, 'min_download_interval': 1800}, 'wallhaven': {'min_fill_queue_interval': 1800, 'min_download_interval': 1800}, 'wallpapers.net': {'min_fill_queue_interval': 601, 'min_download_interval': 0}, 'unsplash': {'min_fill_queue_interval': 20000000000, 'min_download_interval': 20000000000}, 'unsplash_v2': {'min_fill_queue_interval': 3600, 'min_download_interval': 1800}, 'status_message': {'0.0.1': '', '*': ''}}'
